# JRE version: OpenJDK Runtime Environment Zulu21.46+19-CA (21.0.9+10) (build 21.0.9+10-LTS)
# Java VM: OpenJDK 64-Bit Server VM Zulu21.46+19-CA (21.0.9+10-LTS, mixed mode, sharing, tiered, compressed oops, compressed class ptrs, g1 gc, bsd-aarch64)
GC Precious Log:
 CardTable entry size: 512
 Card Set container configuration: InlinePtr #cards 5 size 8 Array Of Cards #cards 10 size 36 Howl #buckets 4 coarsen threshold 1843 Howl Bitmap #cards 512 size 80 coarsen threshold 460 Card regions per heap region 1 cards per card region 2048
 CPUs: 14 total, 14 available
 Memory: 49152M
 Large Page Support: Disabled
 NUMA Support: Disabled
 Compressed Oops: Enabled (Zero based)
 Heap Region Size: 1M
 Heap Min Capacity: 8M
 Heap Initial Capacity: 768M
 Heap Max Capacity: 1G
 Pre-touch: Disabled
 Parallel Workers: 11
 Concurrent Workers: 3
 Concurrent Refinement Workers: 11
 Periodic GC: Disabled
Heap:
 garbage-first heap   total 215040K, used 101898K [0x000000056a800000, 0x00000005aa800000)
  region size 1024K, 28 young (28672K), 11 survivors (11264K)
 Metaspace       used 10323K, committed 10624K, reserved 1114112K
  class space    used 1528K, committed 1664K, reserved 1048576K
GC Heap History (20 events):
Event: 0.629 GC heap before
{Heap before GC invocations=24 (full 6):
 garbage-first heap   total 115712K, used 64738K [0x000000056a800000, 0x00000005aa800000)
  region size 1024K, 15 young (15360K), 7 survivors (7168K)
 Metaspace       used 9046K, committed 9280K, reserved 1114112K
  class space    used 1356K, committed 1472K, reserved 1048576K
}
Event: 0.635 GC heap after
{Heap after GC invocations=25 (full 6):
 garbage-first heap   total 115712K, used 59622K [0x000000056a800000, 0x00000005aa800000)
  region size 1024K, 2 young (2048K), 2 survivors (2048K)
 Metaspace       used 9046K, committed 9280K, reserved 1114112K
  class space    used 1356K, committed 1472K, reserved 1048576K
}
Event: 0.638 GC heap before
{Heap before GC invocations=25 (full 6):
 garbage-first heap   total 115712K, used 62694K [0x000000056a800000, 0x00000005aa800000)
  region size 1024K, 5 young (5120K), 2 survivors (2048K)
 Metaspace       used 9046K, committed 9280K, reserved 1114112K
  class space    used 1356K, committed 1472K, reserved 1048576K
}
Event: 0.655 GC heap after
{Heap after GC invocations=26 (full 7):
 garbage-first heap   total 115712K, used 44889K [0x000000056a800000, 0x00000005aa800000)
  region size 1024K, 0 young (0K), 0 survivors (0K)
 Metaspace       used 9046K, committed 9280K, reserved 1114112K
  class space    used 1356K, committed 1472K, reserved 1048576K
}
Event: 0.719 GC heap before
{Heap before GC invocations=26 (full 7):
 garbage-first heap   total 115712K, used 88921K [0x000000056a800000, 0x00000005aa800000)
  region size 1024K, 43 young (44032K), 0 survivors (0K)
 Metaspace       used 9900K, committed 10176K, reserved 1114112K
  class space    used 1459K, committed 1600K, reserved 1048576K
}
Event: 0.723 GC heap after
{Heap after GC invocations=27 (full 7):
 garbage-first heap   total 115712K, used 51003K [0x000000056a800000, 0x00000005aa800000)
  region size 1024K, 6 young (6144K), 6 survivors (6144K)
 Metaspace       used 9900K, committed 10176K, reserved 1114112K
  class space    used 1459K, committed 1600K, reserved 1048576K
}
Event: 0.741 GC heap before
{Heap before GC invocations=27 (full 7):
 garbage-first heap   total 115712K, used 94011K [0x000000056a800000, 0x00000005aa800000)
  region size 1024K, 48 young (49152K), 6 survivors (6144K)
 Metaspace       used 9901K, committed 10176K, reserved 1114112K
  class space    used 1459K, committed 1600K, reserved 1048576K
}
Event: 0.747 GC heap after
{Heap after GC invocations=28 (full 7):
 garbage-first heap   total 451584K, used 56441K [0x000000056a800000, 0x00000005aa800000)
  region size 1024K, 6 young (6144K), 6 survivors (6144K)
 Metaspace       used 9901K, committed 10176K, reserved 1114112K
  class space    used 1459K, committed 1600K, reserved 1048576K
}
Event: 0.760 GC heap before
{Heap before GC invocations=28 (full 7):
 garbage-first heap   total 451584K, used 79993K [0x000000056a800000, 0x00000005aa800000)
  region size 1024K, 30 young (30720K), 6 survivors (6144K)
 Metaspace       used 9901K, committed 10176K, reserved 1114112K
  class space    used 1459K, committed 1600K, reserved 1048576K
}
Event: 0.769 GC heap after
{Heap after GC invocations=29 (full 8):
 garbage-first heap   total 222208K, used 58996K [0x000000056a800000, 0x00000005aa800000)
  region size 1024K, 0 young (0K), 0 survivors (0K)
 Metaspace       used 9901K, committed 10176K, reserved 1114112K
  class space    used 1459K, committed 1600K, reserved 1048576K
}
Event: 0.783 GC heap before
{Heap before GC invocations=29 (full 8):
 garbage-first heap   total 222208K, used 78452K [0x000000056a800000, 0x00000005aa800000)
  region size 1024K, 20 young (20480K), 0 survivors (0K)
 Metaspace       used 9979K, committed 10240K, reserved 1114112K
  class space    used 1499K, committed 1600K, reserved 1048576K
}
Event: 0.793 GC heap after
{Heap after GC invocations=30 (full 9):
 garbage-first heap   total 215040K, used 61545K [0x000000056a800000, 0x00000005aa800000)
  region size 1024K, 0 young (0K), 0 survivors (0K)
 Metaspace       used 9979K, committed 10240K, reserved 1114112K
  class space    used 1499K, committed 1600K, reserved 1048576K
}
Event: 0.806 GC heap before
{Heap before GC invocations=30 (full 9):
 garbage-first heap   total 215040K, used 78953K [0x000000056a800000, 0x00000005aa800000)
  region size 1024K, 18 young (18432K), 0 survivors (0K)
 Metaspace       used 9985K, committed 10240K, reserved 1114112K
  class space    used 1499K, committed 1600K, reserved 1048576K
}
Event: 0.817 GC heap after
{Heap after GC invocations=31 (full 10):
 garbage-first heap   total 215040K, used 63403K [0x000000056a800000, 0x00000005aa800000)
  region size 1024K, 0 young (0K), 0 survivors (0K)
 Metaspace       used 9985K, committed 10240K, reserved 1114112K
  class space    used 1499K, committed 1600K, reserved 1048576K
}
Event: 0.865 GC heap before
{Heap before GC invocations=31 (full 10):
 garbage-first heap   total 215040K, used 169899K [0x000000056a800000, 0x00000005aa800000)
  region size 1024K, 104 young (106496K), 0 survivors (0K)
 Metaspace       used 9991K, committed 10240K, reserved 1114112K
  class space    used 1499K, committed 1600K, reserved 1048576K
}
Event: 0.869 GC heap after
{Heap after GC invocations=32 (full 10):
 garbage-first heap   total 215040K, used 76715K [0x000000056a800000, 0x00000005aa800000)
  region size 1024K, 13 young (13312K), 13 survivors (13312K)
 Metaspace       used 9991K, committed 10240K, reserved 1114112K
  class space    used 1499K, committed 1600K, reserved 1048576K
}
Event: 0.881 GC heap before
{Heap before GC invocations=32 (full 10):
 garbage-first heap   total 215040K, used 102315K [0x000000056a800000, 0x00000005aa800000)
  region size 1024K, 39 young (39936K), 13 survivors (13312K)
 Metaspace       used 9991K, committed 10240K, reserved 1114112K
  class space    used 1499K, committed 1600K, reserved 1048576K
}
Event: 0.898 GC heap after
{Heap after GC invocations=33 (full 11):
 garbage-first heap   total 215040K, used 74250K [0x000000056a800000, 0x00000005aa800000)
  region size 1024K, 0 young (0K), 0 survivors (0K)
 Metaspace       used 9991K, committed 10240K, reserved 1114112K
  class space    used 1499K, committed 1600K, reserved 1048576K
}
Event: 0.939 GC heap before
{Heap before GC invocations=33 (full 11):
 garbage-first heap   total 215040K, used 168458K [0x000000056a800000, 0x00000005aa800000)
  region size 1024K, 92 young (94208K), 0 survivors (0K)
 Metaspace       used 9992K, committed 10240K, reserved 1114112K
  class space    used 1499K, committed 1600K, reserved 1048576K
}
Event: 0.943 GC heap after
{Heap after GC invocations=34 (full 11):
 garbage-first heap   total 215040K, used 85514K [0x000000056a800000, 0x00000005aa800000)
  region size 1024K, 11 young (11264K), 11 survivors (11264K)
 Metaspace       used 9992K, committed 10240K, reserved 1114112K
  class space    used 1499K, committed 1600K, reserved 1048576K
}

