# JRE version: OpenJDK Runtime Environment Zulu21.46+19-CA (21.0.9+10) (build 21.0.9+10-LTS)
# Java VM: OpenJDK 64-Bit Server VM Zulu21.46+19-CA (21.0.9+10-LTS, mixed mode, sharing, tiered, compressed oops, compressed class ptrs, g1 gc, bsd-aarch64)
GC Precious Log:
 CardTable entry size: 512
 Card Set container configuration: InlinePtr #cards 5 size 8 Array Of Cards #cards 10 size 36 Howl #buckets 4 coarsen threshold 1843 Howl Bitmap #cards 512 size 80 coarsen threshold 460 Card regions per heap region 1 cards per card region 2048
 CPUs: 14 total, 14 available
 Memory: 49152M
 Large Page Support: Disabled
 NUMA Support: Disabled
 Compressed Oops: Enabled (Zero based)
 Heap Region Size: 1M
 Heap Min Capacity: 8M
 Heap Initial Capacity: 768M
 Heap Max Capacity: 1G
 Pre-touch: Disabled
 Parallel Workers: 11
 Concurrent Workers: 3
 Concurrent Refinement Workers: 11
 Periodic GC: Disabled
Heap:
 garbage-first heap   total 245760K, used 80990K [0x00000007c0000000, 0x0000000800000000)
  region size 1024K, 2 young (2048K), 0 survivors (0K)
 Metaspace       used 10510K, committed 10752K, reserved 1114112K
  class space    used 1528K, committed 1664K, reserved 1048576K
GC Heap History (20 events):
Event: 343.470 GC heap before
{Heap before GC invocations=36 (full 8):
 garbage-first heap   total 245760K, used 226413K [0x00000007c0000000, 0x0000000800000000)
  region size 1024K, 144 young (147456K), 1 survivors (1024K)
 Metaspace       used 10507K, committed 10752K, reserved 1114112K
  class space    used 1528K, committed 1664K, reserved 1048576K
}
Event: 343.470 GC heap after
{Heap after GC invocations=37 (full 8):
 garbage-first heap   total 245760K, used 79988K [0x00000007c0000000, 0x0000000800000000)
  region size 1024K, 1 young (1024K), 1 survivors (1024K)
 Metaspace       used 10507K, committed 10752K, reserved 1114112K
  class space    used 1528K, committed 1664K, reserved 1048576K
}
Event: 343.583 GC heap before
{Heap before GC invocations=37 (full 8):
 garbage-first heap   total 245760K, used 226420K [0x00000007c0000000, 0x0000000800000000)
  region size 1024K, 144 young (147456K), 1 survivors (1024K)
 Metaspace       used 10507K, committed 10752K, reserved 1114112K
  class space    used 1528K, committed 1664K, reserved 1048576K
}
Event: 343.583 GC heap after
{Heap after GC invocations=38 (full 8):
 garbage-first heap   total 245760K, used 79987K [0x00000007c0000000, 0x0000000800000000)
  region size 1024K, 1 young (1024K), 1 survivors (1024K)
 Metaspace       used 10507K, committed 10752K, reserved 1114112K
  class space    used 1528K, committed 1664K, reserved 1048576K
}
Event: 343.696 GC heap before
{Heap before GC invocations=38 (full 8):
 garbage-first heap   total 245760K, used 226419K [0x00000007c0000000, 0x0000000800000000)
  region size 1024K, 144 young (147456K), 1 survivors (1024K)
 Metaspace       used 10507K, committed 10752K, reserved 1114112K
  class space    used 1528K, committed 1664K, reserved 1048576K
}
Event: 343.696 GC heap after
{Heap after GC invocations=39 (full 8):
 garbage-first heap   total 245760K, used 80000K [0x00000007c0000000, 0x0000000800000000)
  region size 1024K, 1 young (1024K), 1 survivors (1024K)
 Metaspace       used 10507K, committed 10752K, reserved 1114112K
  class space    used 1528K, committed 1664K, reserved 1048576K
}
Event: 343.809 GC heap before
{Heap before GC invocations=39 (full 8):
 garbage-first heap   total 245760K, used 226432K [0x00000007c0000000, 0x0000000800000000)
  region size 1024K, 144 young (147456K), 1 survivors (1024K)
 Metaspace       used 10507K, committed 10752K, reserved 1114112K
  class space    used 1528K, committed 1664K, reserved 1048576K
}
Event: 343.809 GC heap after
{Heap after GC invocations=40 (full 8):
 garbage-first heap   total 245760K, used 79996K [0x00000007c0000000, 0x0000000800000000)
  region size 1024K, 1 young (1024K), 1 survivors (1024K)
 Metaspace       used 10507K, committed 10752K, reserved 1114112K
  class space    used 1528K, committed 1664K, reserved 1048576K
}
Event: 343.921 GC heap before
{Heap before GC invocations=40 (full 8):
 garbage-first heap   total 245760K, used 226428K [0x00000007c0000000, 0x0000000800000000)
  region size 1024K, 144 young (147456K), 1 survivors (1024K)
 Metaspace       used 10507K, committed 10752K, reserved 1114112K
  class space    used 1528K, committed 1664K, reserved 1048576K
}
Event: 343.921 GC heap after
{Heap after GC invocations=41 (full 8):
 garbage-first heap   total 245760K, used 79998K [0x00000007c0000000, 0x0000000800000000)
  region size 1024K, 1 young (1024K), 1 survivors (1024K)
 Metaspace       used 10507K, committed 10752K, reserved 1114112K
  class space    used 1528K, committed 1664K, reserved 1048576K
}
Event: 483.567 GC heap before
{Heap before GC invocations=41 (full 8):
 garbage-first heap   total 245760K, used 164990K [0x00000007c0000000, 0x0000000800000000)
  region size 1024K, 85 young (87040K), 1 survivors (1024K)
 Metaspace       used 10507K, committed 10752K, reserved 1114112K
  class space    used 1528K, committed 1664K, reserved 1048576K
}
Event: 483.586 GC heap after
{Heap after GC invocations=42 (full 9):
 garbage-first heap   total 245760K, used 79966K [0x00000007c0000000, 0x0000000800000000)
  region size 1024K, 0 young (0K), 0 survivors (0K)
 Metaspace       used 10507K, committed 10752K, reserved 1114112K
  class space    used 1528K, committed 1664K, reserved 1048576K
}
Event: 484.222 GC heap before
{Heap before GC invocations=42 (full 9):
 garbage-first heap   total 245760K, used 79966K [0x00000007c0000000, 0x0000000800000000)
  region size 1024K, 1 young (1024K), 0 survivors (0K)
 Metaspace       used 10507K, committed 10752K, reserved 1114112K
  class space    used 1528K, committed 1664K, reserved 1048576K
}
Event: 484.238 GC heap after
{Heap after GC invocations=43 (full 10):
 garbage-first heap   total 245760K, used 79966K [0x00000007c0000000, 0x0000000800000000)
  region size 1024K, 0 young (0K), 0 survivors (0K)
 Metaspace       used 10507K, committed 10752K, reserved 1114112K
  class space    used 1528K, committed 1664K, reserved 1048576K
}
Event: 545.605 GC heap before
{Heap before GC invocations=43 (full 10):
 garbage-first heap   total 245760K, used 79966K [0x00000007c0000000, 0x0000000800000000)
  region size 1024K, 1 young (1024K), 0 survivors (0K)
 Metaspace       used 10507K, committed 10752K, reserved 1114112K
  class space    used 1528K, committed 1664K, reserved 1048576K
}
Event: 545.620 GC heap after
{Heap after GC invocations=44 (full 11):
 garbage-first heap   total 245760K, used 79966K [0x00000007c0000000, 0x0000000800000000)
  region size 1024K, 0 young (0K), 0 survivors (0K)
 Metaspace       used 10507K, committed 10752K, reserved 1114112K
  class space    used 1528K, committed 1664K, reserved 1048576K
}
Event: 548.529 GC heap before
{Heap before GC invocations=44 (full 11):
 garbage-first heap   total 245760K, used 79966K [0x00000007c0000000, 0x0000000800000000)
  region size 1024K, 1 young (1024K), 0 survivors (0K)
 Metaspace       used 10507K, committed 10752K, reserved 1114112K
  class space    used 1528K, committed 1664K, reserved 1048576K
}
Event: 548.549 GC heap after
{Heap after GC invocations=45 (full 12):
 garbage-first heap   total 245760K, used 79966K [0x00000007c0000000, 0x0000000800000000)
  region size 1024K, 0 young (0K), 0 survivors (0K)
 Metaspace       used 10507K, committed 10752K, reserved 1114112K
  class space    used 1528K, committed 1664K, reserved 1048576K
}
Event: 572.444 GC heap before
{Heap before GC invocations=45 (full 12):
 garbage-first heap   total 245760K, used 79966K [0x00000007c0000000, 0x0000000800000000)
  region size 1024K, 1 young (1024K), 0 survivors (0K)
 Metaspace       used 10507K, committed 10752K, reserved 1114112K
  class space    used 1528K, committed 1664K, reserved 1048576K
}
Event: 572.460 GC heap after
{Heap after GC invocations=46 (full 13):
 garbage-first heap   total 245760K, used 79966K [0x00000007c0000000, 0x0000000800000000)
  region size 1024K, 0 young (0K), 0 survivors (0K)
 Metaspace       used 10507K, committed 10752K, reserved 1114112K
  class space    used 1528K, committed 1664K, reserved 1048576K
}

