# JRE version: OpenJDK Runtime Environment Zulu21.46+19-CA (21.0.9+10) (build 21.0.9+10-LTS)
# Java VM: OpenJDK 64-Bit Server VM Zulu21.46+19-CA (21.0.9+10-LTS, mixed mode, sharing, tiered, compressed oops, compressed class ptrs, g1 gc, bsd-aarch64)
GC Precious Log:
 CardTable entry size: 512
 Card Set container configuration: InlinePtr #cards 5 size 8 Array Of Cards #cards 10 size 36 Howl #buckets 4 coarsen threshold 1843 Howl Bitmap #cards 512 size 80 coarsen threshold 460 Card regions per heap region 1 cards per card region 2048
 CPUs: 14 total, 14 available
 Memory: 49152M
 Large Page Support: Disabled
 NUMA Support: Disabled
 Compressed Oops: Enabled (Zero based)
 Heap Region Size: 1M
 Heap Min Capacity: 8M
 Heap Initial Capacity: 768M
 Heap Max Capacity: 1G
 Pre-touch: Disabled
 Parallel Workers: 11
 Concurrent Workers: 3
 Concurrent Refinement Workers: 11
 Periodic GC: Disabled
Heap:
 garbage-first heap   total 283648K, used 79752K [0x00000007c0000000, 0x0000000800000000)
  region size 1024K, 1 young (1024K), 0 survivors (0K)
 Metaspace       used 10360K, committed 10624K, reserved 1114112K
  class space    used 1528K, committed 1664K, reserved 1048576K
GC Heap History (20 events):
Event: 55.632 GC heap before
{Heap before GC invocations=6 (full 1):
 garbage-first heap   total 55296K, used 34883K [0x00000007c0000000, 0x0000000800000000)
  region size 1024K, 16 young (16384K), 2 survivors (2048K)
 Metaspace       used 8367K, committed 8576K, reserved 1114112K
  class space    used 1174K, committed 1280K, reserved 1048576K
}
Event: 55.633 GC heap after
{Heap after GC invocations=7 (full 1):
 garbage-first heap   total 55296K, used 22029K [0x00000007c0000000, 0x0000000800000000)
  region size 1024K, 2 young (2048K), 2 survivors (2048K)
 Metaspace       used 8367K, committed 8576K, reserved 1114112K
  class space    used 1174K, committed 1280K, reserved 1048576K
}
Event: 55.645 GC heap before
{Heap before GC invocations=7 (full 1):
 garbage-first heap   total 55296K, used 38413K [0x00000007c0000000, 0x0000000800000000)
  region size 1024K, 18 young (18432K), 2 survivors (2048K)
 Metaspace       used 8367K, committed 8576K, reserved 1114112K
  class space    used 1174K, committed 1280K, reserved 1048576K
}
Event: 55.647 GC heap after
{Heap after GC invocations=8 (full 1):
 garbage-first heap   total 420864K, used 23676K [0x00000007c0000000, 0x0000000800000000)
  region size 1024K, 3 young (3072K), 3 survivors (3072K)
 Metaspace       used 8367K, committed 8576K, reserved 1114112K
  class space    used 1174K, committed 1280K, reserved 1048576K
}
Event: 55.688 GC heap before
{Heap before GC invocations=8 (full 1):
 garbage-first heap   total 420864K, used 63612K [0x00000007c0000000, 0x0000000800000000)
  region size 1024K, 41 young (41984K), 3 survivors (3072K)
 Metaspace       used 8471K, committed 8640K, reserved 1114112K
  class space    used 1227K, committed 1344K, reserved 1048576K
}
Event: 55.696 GC heap after
{Heap after GC invocations=9 (full 2):
 garbage-first heap   total 116736K, used 29820K [0x00000007c0000000, 0x0000000800000000)
  region size 1024K, 0 young (0K), 0 survivors (0K)
 Metaspace       used 8471K, committed 8640K, reserved 1114112K
  class space    used 1227K, committed 1344K, reserved 1048576K
}
Event: 55.726 GC heap before
{Heap before GC invocations=9 (full 2):
 garbage-first heap   total 116736K, used 88188K [0x00000007c0000000, 0x0000000800000000)
  region size 1024K, 57 young (58368K), 0 survivors (0K)
 Metaspace       used 8474K, committed 8704K, reserved 1114112K
  class space    used 1228K, committed 1344K, reserved 1048576K
}
Event: 55.728 GC heap after
{Heap after GC invocations=10 (full 2):
 garbage-first heap   total 116736K, used 35964K [0x00000007c0000000, 0x0000000800000000)
  region size 1024K, 6 young (6144K), 6 survivors (6144K)
 Metaspace       used 8474K, committed 8704K, reserved 1114112K
  class space    used 1228K, committed 1344K, reserved 1048576K
}
Event: 55.748 GC heap before
{Heap before GC invocations=10 (full 2):
 garbage-first heap   total 116736K, used 92284K [0x00000007c0000000, 0x0000000800000000)
  region size 1024K, 61 young (62464K), 6 survivors (6144K)
 Metaspace       used 8474K, committed 8704K, reserved 1114112K
  class space    used 1228K, committed 1344K, reserved 1048576K
}
Event: 55.752 GC heap after
{Heap after GC invocations=11 (full 2):
 garbage-first heap   total 116736K, used 40767K [0x00000007c0000000, 0x0000000800000000)
  region size 1024K, 6 young (6144K), 6 survivors (6144K)
 Metaspace       used 8474K, committed 8704K, reserved 1114112K
  class space    used 1228K, committed 1344K, reserved 1048576K
}
Event: 55.758 GC heap before
{Heap before GC invocations=11 (full 2):
 garbage-first heap   total 116736K, used 46911K [0x00000007c0000000, 0x0000000800000000)
  region size 1024K, 11 young (11264K), 6 survivors (6144K)
 Metaspace       used 8474K, committed 8704K, reserved 1114112K
  class space    used 1228K, committed 1344K, reserved 1048576K
}
Event: 55.775 GC heap after
{Heap after GC invocations=12 (full 3):
 garbage-first heap   total 116736K, used 35969K [0x00000007c0000000, 0x0000000800000000)
  region size 1024K, 0 young (0K), 0 survivors (0K)
 Metaspace       used 8474K, committed 8704K, reserved 1114112K
  class space    used 1228K, committed 1344K, reserved 1048576K
}
Event: 55.872 GC heap before
{Heap before GC invocations=12 (full 3):
 garbage-first heap   total 116736K, used 106625K [0x00000007c0000000, 0x0000000800000000)
  region size 1024K, 58 young (59392K), 0 survivors (0K)
 Metaspace       used 9074K, committed 9280K, reserved 1114112K
  class space    used 1356K, committed 1472K, reserved 1048576K
}
Event: 55.883 GC heap after
{Heap after GC invocations=13 (full 3):
 garbage-first heap   total 121856K, used 60545K [0x00000007c0000000, 0x0000000800000000)
  region size 1024K, 8 young (8192K), 8 survivors (8192K)
 Metaspace       used 9074K, committed 9280K, reserved 1114112K
  class space    used 1356K, committed 1472K, reserved 1048576K
}
Event: 55.947 GC heap before
{Heap before GC invocations=13 (full 3):
 garbage-first heap   total 121856K, used 103553K [0x00000007c0000000, 0x0000000800000000)
  region size 1024K, 50 young (51200K), 8 survivors (8192K)
 Metaspace       used 9919K, committed 10176K, reserved 1114112K
  class space    used 1459K, committed 1600K, reserved 1048576K
}
Event: 55.956 GC heap after
{Heap after GC invocations=14 (full 3):
 garbage-first heap   total 454656K, used 66689K [0x00000007c0000000, 0x0000000800000000)
  region size 1024K, 6 young (6144K), 6 survivors (6144K)
 Metaspace       used 9919K, committed 10176K, reserved 1114112K
  class space    used 1459K, committed 1600K, reserved 1048576K
}
Event: 56.061 GC heap before
{Heap before GC invocations=14 (full 3):
 garbage-first heap   total 454656K, used 240769K [0x00000007c0000000, 0x0000000800000000)
  region size 1024K, 176 young (180224K), 6 survivors (6144K)
 Metaspace       used 10015K, committed 10240K, reserved 1114112K
  class space    used 1499K, committed 1600K, reserved 1048576K
}
Event: 56.066 GC heap after
{Heap after GC invocations=15 (full 3):
 garbage-first heap   total 454656K, used 83723K [0x00000007c0000000, 0x0000000800000000)
  region size 1024K, 22 young (22528K), 22 survivors (22528K)
 Metaspace       used 10015K, committed 10240K, reserved 1114112K
  class space    used 1499K, committed 1600K, reserved 1048576K
}
Event: 113.168 GC heap before
{Heap before GC invocations=15 (full 3):
 garbage-first heap   total 454656K, used 254731K [0x00000007c0000000, 0x0000000800000000)
  region size 1024K, 190 young (194560K), 22 survivors (22528K)
 Metaspace       used 10357K, committed 10624K, reserved 1114112K
  class space    used 1528K, committed 1664K, reserved 1048576K
}
Event: 113.189 GC heap after
{Heap after GC invocations=16 (full 4):
 garbage-first heap   total 283648K, used 79752K [0x00000007c0000000, 0x0000000800000000)
  region size 1024K, 0 young (0K), 0 survivors (0K)
 Metaspace       used 10357K, committed 10624K, reserved 1114112K
  class space    used 1528K, committed 1664K, reserved 1048576K
}

