# JRE version: OpenJDK Runtime Environment Zulu21.46+19-CA (21.0.9+10) (build 21.0.9+10-LTS)
# Java VM: OpenJDK 64-Bit Server VM Zulu21.46+19-CA (21.0.9+10-LTS, mixed mode, sharing, tiered, compressed oops, compressed class ptrs, g1 gc, bsd-aarch64)
GC Precious Log:
 CardTable entry size: 512
 Card Set container configuration: InlinePtr #cards 5 size 8 Array Of Cards #cards 10 size 36 Howl #buckets 4 coarsen threshold 1843 Howl Bitmap #cards 512 size 80 coarsen threshold 460 Card regions per heap region 1 cards per card region 2048
 CPUs: 14 total, 14 available
 Memory: 49152M
 Large Page Support: Disabled
 NUMA Support: Disabled
 Compressed Oops: Enabled (Zero based)
 Heap Region Size: 1M
 Heap Min Capacity: 8M
 Heap Initial Capacity: 768M
 Heap Max Capacity: 1G
 Pre-touch: Disabled
 Parallel Workers: 11
 Concurrent Workers: 3
 Concurrent Refinement Workers: 11
 Periodic GC: Disabled
Heap:
 garbage-first heap   total 222208K, used 97468K [0x000000056a800000, 0x00000005aa800000)
  region size 1024K, 24 young (24576K), 12 survivors (12288K)
 Metaspace       used 10324K, committed 10624K, reserved 1114112K
  class space    used 1528K, committed 1664K, reserved 1048576K
GC Heap History (20 events):
Event: 0.669 GC heap before
{Heap before GC invocations=24 (full 8):
 garbage-first heap   total 112640K, used 100216K [0x000000056a800000, 0x00000005aa800000)
  region size 1024K, 56 young (57344K), 0 survivors (0K)
 Metaspace       used 9053K, committed 9280K, reserved 1114112K
  class space    used 1356K, committed 1472K, reserved 1048576K
}
Event: 0.675 GC heap after
{Heap after GC invocations=25 (full 8):
 garbage-first heap   total 117760K, used 58214K [0x000000056a800000, 0x00000005aa800000)
  region size 1024K, 7 young (7168K), 7 survivors (7168K)
 Metaspace       used 9053K, committed 9280K, reserved 1114112K
  class space    used 1356K, committed 1472K, reserved 1048576K
}
Event: 0.677 GC heap before
{Heap before GC invocations=25 (full 8):
 garbage-first heap   total 117760K, used 60262K [0x000000056a800000, 0x00000005aa800000)
  region size 1024K, 10 young (10240K), 7 survivors (7168K)
 Metaspace       used 9053K, committed 9280K, reserved 1114112K
  class space    used 1356K, committed 1472K, reserved 1048576K
}
Event: 0.680 GC heap after
{Heap after GC invocations=26 (full 8):
 garbage-first heap   total 117760K, used 59768K [0x000000056a800000, 0x00000005aa800000)
  region size 1024K, 1 young (1024K), 1 survivors (1024K)
 Metaspace       used 9053K, committed 9280K, reserved 1114112K
  class space    used 1356K, committed 1472K, reserved 1048576K
}
Event: 0.704 GC heap before
{Heap before GC invocations=27 (full 8):
 garbage-first heap   total 117760K, used 65912K [0x000000056a800000, 0x00000005aa800000)
  region size 1024K, 11 young (11264K), 1 survivors (1024K)
 Metaspace       used 9604K, committed 9856K, reserved 1114112K
  class space    used 1438K, committed 1536K, reserved 1048576K
}
Event: 0.722 GC heap after
{Heap after GC invocations=28 (full 9):
 garbage-first heap   total 117760K, used 46031K [0x000000056a800000, 0x00000005aa800000)
  region size 1024K, 0 young (0K), 0 survivors (0K)
 Metaspace       used 9604K, committed 9856K, reserved 1114112K
  class space    used 1438K, committed 1536K, reserved 1048576K
}
Event: 0.769 GC heap before
{Heap before GC invocations=28 (full 9):
 garbage-first heap   total 117760K, used 91087K [0x000000056a800000, 0x00000005aa800000)
  region size 1024K, 44 young (45056K), 0 survivors (0K)
 Metaspace       used 9897K, committed 10176K, reserved 1114112K
  class space    used 1459K, committed 1600K, reserved 1048576K
}
Event: 0.773 GC heap after
{Heap after GC invocations=29 (full 9):
 garbage-first heap   total 117760K, used 51892K [0x000000056a800000, 0x00000005aa800000)
  region size 1024K, 6 young (6144K), 6 survivors (6144K)
 Metaspace       used 9897K, committed 10176K, reserved 1114112K
  class space    used 1459K, committed 1600K, reserved 1048576K
}
Event: 0.790 GC heap before
{Heap before GC invocations=29 (full 9):
 garbage-first heap   total 117760K, used 95924K [0x000000056a800000, 0x00000005aa800000)
  region size 1024K, 49 young (50176K), 6 survivors (6144K)
 Metaspace       used 9897K, committed 10176K, reserved 1114112K
  class space    used 1459K, committed 1600K, reserved 1048576K
}
Event: 0.797 GC heap after
{Heap after GC invocations=30 (full 9):
 garbage-first heap   total 452608K, used 57244K [0x000000056a800000, 0x00000005aa800000)
  region size 1024K, 6 young (6144K), 6 survivors (6144K)
 Metaspace       used 9897K, committed 10176K, reserved 1114112K
  class space    used 1459K, committed 1600K, reserved 1048576K
}
Event: 0.809 GC heap before
{Heap before GC invocations=30 (full 9):
 garbage-first heap   total 452608K, used 80796K [0x000000056a800000, 0x00000005aa800000)
  region size 1024K, 30 young (30720K), 6 survivors (6144K)
 Metaspace       used 9897K, committed 10176K, reserved 1114112K
  class space    used 1459K, committed 1600K, reserved 1048576K
}
Event: 0.818 GC heap after
{Heap after GC invocations=31 (full 10):
 garbage-first heap   total 225280K, used 60007K [0x000000056a800000, 0x00000005aa800000)
  region size 1024K, 0 young (0K), 0 survivors (0K)
 Metaspace       used 9897K, committed 10176K, reserved 1114112K
  class space    used 1459K, committed 1600K, reserved 1048576K
}
Event: 0.832 GC heap before
{Heap before GC invocations=31 (full 10):
 garbage-first heap   total 225280K, used 78439K [0x000000056a800000, 0x00000005aa800000)
  region size 1024K, 19 young (19456K), 0 survivors (0K)
 Metaspace       used 9980K, committed 10176K, reserved 1114112K
  class space    used 1499K, committed 1600K, reserved 1048576K
}
Event: 0.841 GC heap after
{Heap after GC invocations=32 (full 11):
 garbage-first heap   total 222208K, used 62185K [0x000000056a800000, 0x00000005aa800000)
  region size 1024K, 0 young (0K), 0 survivors (0K)
 Metaspace       used 9980K, committed 10176K, reserved 1114112K
  class space    used 1499K, committed 1600K, reserved 1048576K
}
Event: 0.898 GC heap before
{Heap before GC invocations=32 (full 11):
 garbage-first heap   total 222208K, used 175849K [0x000000056a800000, 0x00000005aa800000)
  region size 1024K, 111 young (113664K), 0 survivors (0K)
 Metaspace       used 9993K, committed 10240K, reserved 1114112K
  class space    used 1499K, committed 1600K, reserved 1048576K
}
Event: 0.902 GC heap after
{Heap after GC invocations=33 (full 11):
 garbage-first heap   total 222208K, used 76521K [0x000000056a800000, 0x00000005aa800000)
  region size 1024K, 14 young (14336K), 14 survivors (14336K)
 Metaspace       used 9993K, committed 10240K, reserved 1114112K
  class space    used 1499K, committed 1600K, reserved 1048576K
}
Event: 0.913 GC heap before
{Heap before GC invocations=33 (full 11):
 garbage-first heap   total 222208K, used 106217K [0x000000056a800000, 0x00000005aa800000)
  region size 1024K, 44 young (45056K), 14 survivors (14336K)
 Metaspace       used 9993K, committed 10240K, reserved 1114112K
  class space    used 1499K, committed 1600K, reserved 1048576K
}
Event: 0.930 GC heap after
{Heap after GC invocations=34 (full 12):
 garbage-first heap   total 222208K, used 74045K [0x000000056a800000, 0x00000005aa800000)
  region size 1024K, 0 young (0K), 0 survivors (0K)
 Metaspace       used 9993K, committed 10240K, reserved 1114112K
  class space    used 1499K, committed 1600K, reserved 1048576K
}
Event: 0.974 GC heap before
{Heap before GC invocations=34 (full 12):
 garbage-first heap   total 222208K, used 173373K [0x000000056a800000, 0x00000005aa800000)
  region size 1024K, 97 young (99328K), 0 survivors (0K)
 Metaspace       used 9994K, committed 10240K, reserved 1114112K
  class space    used 1499K, committed 1600K, reserved 1048576K
}
Event: 0.978 GC heap after
{Heap after GC invocations=35 (full 12):
 garbage-first heap   total 222208K, used 86204K [0x000000056a800000, 0x00000005aa800000)
  region size 1024K, 12 young (12288K), 12 survivors (12288K)
 Metaspace       used 9994K, committed 10240K, reserved 1114112K
  class space    used 1499K, committed 1600K, reserved 1048576K
}

