# JRE version: OpenJDK Runtime Environment Zulu21.46+19-CA (21.0.9+10) (build 21.0.9+10-LTS)
# Java VM: OpenJDK 64-Bit Server VM Zulu21.46+19-CA (21.0.9+10-LTS, mixed mode, sharing, tiered, compressed oops, compressed class ptrs, g1 gc, bsd-aarch64)
GC Precious Log:
 CardTable entry size: 512
 Card Set container configuration: InlinePtr #cards 5 size 8 Array Of Cards #cards 10 size 36 Howl #buckets 4 coarsen threshold 1843 Howl Bitmap #cards 512 size 80 coarsen threshold 460 Card regions per heap region 1 cards per card region 2048
 CPUs: 14 total, 14 available
 Memory: 49152M
 Large Page Support: Disabled
 NUMA Support: Disabled
 Compressed Oops: Enabled (Zero based)
 Heap Region Size: 1M
 Heap Min Capacity: 8M
 Heap Initial Capacity: 768M
 Heap Max Capacity: 1G
 Pre-touch: Disabled
 Parallel Workers: 11
 Concurrent Workers: 3
 Concurrent Refinement Workers: 11
 Periodic GC: Disabled
Heap:
 garbage-first heap   total 252928K, used 84915K [0x000000056a800000, 0x00000005aa800000)
  region size 1024K, 6 young (6144K), 0 survivors (0K)
 Metaspace       used 10342K, committed 10624K, reserved 1114112K
  class space    used 1528K, committed 1664K, reserved 1048576K
GC Heap History (20 events):
Event: 0.465 GC heap before
{Heap before GC invocations=16 (full 6):
 garbage-first heap   total 81920K, used 46625K [0x000000056a800000, 0x00000005aa800000)
  region size 1024K, 25 young (25600K), 0 survivors (0K)
 Metaspace       used 8118K, committed 8320K, reserved 1114112K
  class space    used 1174K, committed 1280K, reserved 1048576K
}
Event: 0.476 GC heap after
{Heap after GC invocations=17 (full 7):
 garbage-first heap   total 81920K, used 24536K [0x000000056a800000, 0x00000005aa800000)
  region size 1024K, 0 young (0K), 0 survivors (0K)
 Metaspace       used 8118K, committed 8320K, reserved 1114112K
  class space    used 1174K, committed 1280K, reserved 1048576K
}
Event: 0.514 GC heap before
{Heap before GC invocations=17 (full 7):
 garbage-first heap   total 81920K, used 66520K [0x000000056a800000, 0x00000005aa800000)
  region size 1024K, 39 young (39936K), 0 survivors (0K)
 Metaspace       used 8298K, committed 8512K, reserved 1114112K
  class space    used 1228K, committed 1344K, reserved 1048576K
}
Event: 0.518 GC heap after
{Heap after GC invocations=18 (full 7):
 garbage-first heap   total 81920K, used 32728K [0x000000056a800000, 0x00000005aa800000)
  region size 1024K, 5 young (5120K), 5 survivors (5120K)
 Metaspace       used 8298K, committed 8512K, reserved 1114112K
  class space    used 1228K, committed 1344K, reserved 1048576K
}
Event: 0.530 GC heap before
{Heap before GC invocations=18 (full 7):
 garbage-first heap   total 81920K, used 61400K [0x000000056a800000, 0x00000005aa800000)
  region size 1024K, 33 young (33792K), 5 survivors (5120K)
 Metaspace       used 8299K, committed 8512K, reserved 1114112K
  class space    used 1228K, committed 1344K, reserved 1048576K
}
Event: 0.533 GC heap after
{Heap after GC invocations=19 (full 7):
 garbage-first heap   total 81920K, used 35800K [0x000000056a800000, 0x00000005aa800000)
  region size 1024K, 3 young (3072K), 3 survivors (3072K)
 Metaspace       used 8299K, committed 8512K, reserved 1114112K
  class space    used 1228K, committed 1344K, reserved 1048576K
}
Event: 0.533 GC heap before
{Heap before GC invocations=19 (full 7):
 garbage-first heap   total 81920K, used 35800K [0x000000056a800000, 0x00000005aa800000)
  region size 1024K, 4 young (4096K), 3 survivors (3072K)
 Metaspace       used 8299K, committed 8512K, reserved 1114112K
  class space    used 1228K, committed 1344K, reserved 1048576K
}
Event: 0.544 GC heap after
{Heap after GC invocations=20 (full 8):
 garbage-first heap   total 81920K, used 26381K [0x000000056a800000, 0x00000005aa800000)
  region size 1024K, 0 young (0K), 0 survivors (0K)
 Metaspace       used 8299K, committed 8512K, reserved 1114112K
  class space    used 1228K, committed 1344K, reserved 1048576K
}
Event: 0.559 GC heap before
{Heap before GC invocations=20 (full 8):
 garbage-first heap   total 81920K, used 62221K [0x000000056a800000, 0x00000005aa800000)
  region size 1024K, 35 young (35840K), 0 survivors (0K)
 Metaspace       used 8299K, committed 8512K, reserved 1114112K
  class space    used 1228K, committed 1344K, reserved 1048576K
}
Event: 0.561 GC heap after
{Heap after GC invocations=21 (full 8):
 garbage-first heap   total 81920K, used 30405K [0x000000056a800000, 0x00000005aa800000)
  region size 1024K, 4 young (4096K), 4 survivors (4096K)
 Metaspace       used 8299K, committed 8512K, reserved 1114112K
  class space    used 1228K, committed 1344K, reserved 1048576K
}
Event: 0.584 GC heap before
{Heap before GC invocations=21 (full 8):
 garbage-first heap   total 81920K, used 66245K [0x000000056a800000, 0x00000005aa800000)
  region size 1024K, 38 young (38912K), 4 survivors (4096K)
 Metaspace       used 8299K, committed 8512K, reserved 1114112K
  class space    used 1228K, committed 1344K, reserved 1048576K
}
Event: 0.589 GC heap after
{Heap after GC invocations=22 (full 8):
 garbage-first heap   total 434176K, used 37011K [0x000000056a800000, 0x00000005aa800000)
  region size 1024K, 5 young (5120K), 5 survivors (5120K)
 Metaspace       used 8299K, committed 8512K, reserved 1114112K
  class space    used 1228K, committed 1344K, reserved 1048576K
}
Event: 0.856 GC heap before
{Heap before GC invocations=22 (full 8):
 garbage-first heap   total 434176K, used 303251K [0x000000056a800000, 0x00000005aa800000)
  region size 1024K, 254 young (260096K), 5 survivors (5120K)
 Metaspace       used 10020K, committed 10240K, reserved 1114112K
  class space    used 1499K, committed 1600K, reserved 1048576K
}
Event: 0.864 GC heap after
{Heap after GC invocations=23 (full 8):
 garbage-first heap   total 434176K, used 80475K [0x000000056a800000, 0x00000005aa800000)
  region size 1024K, 32 young (32768K), 32 survivors (32768K)
 Metaspace       used 10020K, committed 10240K, reserved 1114112K
  class space    used 1499K, committed 1600K, reserved 1048576K
}
Event: 0.877 GC heap before
{Heap before GC invocations=23 (full 8):
 garbage-first heap   total 434176K, used 116315K [0x000000056a800000, 0x00000005aa800000)
  region size 1024K, 68 young (69632K), 32 survivors (32768K)
 Metaspace       used 10023K, committed 10240K, reserved 1114112K
  class space    used 1499K, committed 1600K, reserved 1048576K
}
Event: 0.887 GC heap after
{Heap after GC invocations=24 (full 9):
 garbage-first heap   total 252928K, used 68910K [0x000000056a800000, 0x00000005aa800000)
  region size 1024K, 0 young (0K), 0 survivors (0K)
 Metaspace       used 10023K, committed 10240K, reserved 1114112K
  class space    used 1499K, committed 1600K, reserved 1048576K
}
Event: 0.951 GC heap before
{Heap before GC invocations=24 (full 9):
 garbage-first heap   total 252928K, used 196910K [0x000000056a800000, 0x00000005aa800000)
  region size 1024K, 125 young (128000K), 0 survivors (0K)
 Metaspace       used 10023K, committed 10240K, reserved 1114112K
  class space    used 1499K, committed 1600K, reserved 1048576K
}
Event: 0.955 GC heap after
{Heap after GC invocations=25 (full 9):
 garbage-first heap   total 252928K, used 85294K [0x000000056a800000, 0x00000005aa800000)
  region size 1024K, 16 young (16384K), 16 survivors (16384K)
 Metaspace       used 10023K, committed 10240K, reserved 1114112K
  class space    used 1499K, committed 1600K, reserved 1048576K
}
Event: 0.966 GC heap before
{Heap before GC invocations=25 (full 9):
 garbage-first heap   total 252928K, used 107822K [0x000000056a800000, 0x00000005aa800000)
  region size 1024K, 39 young (39936K), 16 survivors (16384K)
 Metaspace       used 10031K, committed 10240K, reserved 1114112K
  class space    used 1499K, committed 1600K, reserved 1048576K
}
Event: 0.983 GC heap after
{Heap after GC invocations=26 (full 10):
 garbage-first heap   total 252928K, used 79795K [0x000000056a800000, 0x00000005aa800000)
  region size 1024K, 0 young (0K), 0 survivors (0K)
 Metaspace       used 10031K, committed 10240K, reserved 1114112K
  class space    used 1499K, committed 1600K, reserved 1048576K
}

